<?xml version="1.0" encoding="utf-8"?><testsuites name="pytest tests"><testsuite name="pytest" errors="0" failures="0" skipped="0" tests="23" time="29.467" timestamp="2026-02-07T22:21:54.393193+00:00" hostname="agent-env-5e3f33ce-c7f1-4734-b516-491d0008ec32"><testcase classname="backend.tests.test_relatorios_novos.TestRelatoriosNovos" name="test_relatorio_manutencoes_returns_200" time="1.505" /><testcase classname="backend.tests.test_relatorios_novos.TestRelatoriosNovos" name="test_relatorio_manutencoes_structure" time="1.130" /><testcase classname="backend.tests.test_relatorios_novos.TestRelatoriosNovos" name="test_relatorio_manutencoes_filter_equipamento" time="1.436" /><testcase classname="backend.tests.test_relatorios_novos.TestRelatoriosNovos" name="test_relatorio_manutencoes_filter_viatura" time="1.017" /><testcase classname="backend.tests.test_relatorios_novos.TestRelatoriosNovos" name="test_relatorio_alertas_returns_200" time="1.243" /><testcase classname="backend.tests.test_relatorios_novos.TestRelatoriosNovos" name="test_relatorio_alertas_structure" time="1.010" /><testcase classname="backend.tests.test_relatorios_novos.TestRelatoriosNovos" name="test_relatorio_alertas_with_dias_antecedencia" time="1.016" /><testcase classname="backend.tests.test_relatorios_novos.TestRelatoriosNovos" name="test_relatorio_alertas_filter_viatura" time="1.126" /><testcase classname="backend.tests.test_relatorios_novos.TestRelatoriosNovos" name="test_relatorio_alertas_alerta_structure" time="0.908" /><testcase classname="backend.tests.test_relatorios_novos.TestRelatoriosNovos" name="test_relatorio_utilizacao_returns_200" time="1.335" /><testcase classname="backend.tests.test_relatorios_novos.TestRelatoriosNovos" name="test_relatorio_utilizacao_structure" time="1.324" /><testcase classname="backend.tests.test_relatorios_novos.TestRelatoriosNovos" name="test_relatorio_utilizacao_filter_tipo_equipamento" time="1.117" /><testcase classname="backend.tests.test_relatorios_novos.TestRelatoriosNovos" name="test_relatorio_utilizacao_filter_tipo_viatura" time="1.027" /><testcase classname="backend.tests.test_relatorios_novos.TestRelatoriosNovos" name="test_relatorio_utilizacao_filter_estado_disponivel" time="1.440" /><testcase classname="backend.tests.test_relatorios_novos.TestRelatoriosNovos" name="test_relatorio_utilizacao_filter_estado_em_obra" time="1.125" /><testcase classname="backend.tests.test_relatorios_novos.TestRelatoriosNovos" name="test_relatorio_utilizacao_filter_estado_manutencao" time="1.664" /><testcase classname="backend.tests.test_relatorios_novos.TestRelatoriosNovos" name="test_relatorio_utilizacao_filter_date_range" time="2.100" /><testcase classname="backend.tests.test_relatorios_novos.TestRelatoriosNovos" name="test_relatorio_utilizacao_resource_has_movement_stats" time="1.608" /><testcase classname="backend.tests.test_relatorios_novos.TestRelatoriosNovos" name="test_relatorio_movimentos_returns_200" time="1.052" /><testcase classname="backend.tests.test_relatorios_novos.TestRelatoriosNovos" name="test_relatorio_stock_returns_200" time="1.146" /><testcase classname="backend.tests.test_relatorios_novos.TestRelatoriosNovos" name="test_relatorio_manutencoes_unauthorized" time="1.544" /><testcase classname="backend.tests.test_relatorios_novos.TestRelatoriosNovos" name="test_relatorio_alertas_unauthorized" time="1.042" /><testcase classname="backend.tests.test_relatorios_novos.TestRelatoriosNovos" name="test_relatorio_utilizacao_unauthorized" time="1.460" /></testsuite></testsuites>