<?xml version="1.0" encoding="utf-8"?><testsuites name="pytest tests"><testsuite name="pytest" errors="0" failures="0" skipped="0" tests="15" time="9.555" timestamp="2026-01-30T16:24:19.479088+00:00" hostname="agent-env-3fbac087-31ec-4b14-88c7-59783d8d859e"><testcase classname="backend.tests.test_relatorios_api.TestRelatoriosMovimentos" name="test_relatorio_movimentos_no_filters" time="1.155" /><testcase classname="backend.tests.test_relatorios_api.TestRelatoriosMovimentos" name="test_relatorio_movimentos_with_ano" time="0.666" /><testcase classname="backend.tests.test_relatorios_api.TestRelatoriosMovimentos" name="test_relatorio_movimentos_with_mes_ano" time="0.771" /><testcase classname="backend.tests.test_relatorios_api.TestRelatoriosMovimentos" name="test_relatorio_movimentos_with_obra_id" time="0.909" /><testcase classname="backend.tests.test_relatorios_api.TestRelatoriosMovimentos" name="test_relatorio_movimentos_enriched_data" time="0.781" /><testcase classname="backend.tests.test_relatorios_api.TestRelatoriosStock" name="test_relatorio_stock_no_filters" time="0.459" /><testcase classname="backend.tests.test_relatorios_api.TestRelatoriosStock" name="test_relatorio_stock_with_ano" time="0.690" /><testcase classname="backend.tests.test_relatorios_api.TestRelatoriosStock" name="test_relatorio_stock_with_obra_id" time="0.688" /><testcase classname="backend.tests.test_relatorios_api.TestRelatoriosObra" name="test_relatorio_obra_basic" time="0.348" /><testcase classname="backend.tests.test_relatorios_api.TestRelatoriosObra" name="test_relatorio_obra_with_ano" time="0.345" /><testcase classname="backend.tests.test_relatorios_api.TestRelatoriosObra" name="test_relatorio_obra_with_mes_ano" time="0.453" /><testcase classname="backend.tests.test_relatorios_api.TestRelatoriosObra" name="test_relatorio_obra_not_found" time="0.770" /><testcase classname="backend.tests.test_relatorios_api.TestRelatoriosAuth" name="test_relatorio_movimentos_no_auth" time="0.772" /><testcase classname="backend.tests.test_relatorios_api.TestRelatoriosAuth" name="test_relatorio_stock_no_auth" time="0.346" /><testcase classname="backend.tests.test_relatorios_api.TestRelatoriosAuth" name="test_relatorio_obra_no_auth" time="0.344" /></testsuite></testsuites>