<?xml version="1.0" encoding="utf-8"?><testsuites name="pytest tests"><testsuite name="pytest" errors="0" failures="0" skipped="0" tests="10" time="18.791" timestamp="2026-02-06T18:48:47.786859+00:00" hostname="agent-env-3fbac087-31ec-4b14-88c7-59783d8d859e"><testcase classname="backend.tests.test_equipamento_new_fields.TestEquipamentoNewFields" name="test_create_equipamento_with_documentation_urls" time="1.633" /><testcase classname="backend.tests.test_equipamento_new_fields.TestEquipamentoNewFields" name="test_create_equipamento_em_manutencao" time="1.470" /><testcase classname="backend.tests.test_equipamento_new_fields.TestEquipamentoNewFields" name="test_update_equipamento_add_documentation" time="2.449" /><testcase classname="backend.tests.test_equipamento_new_fields.TestEquipamentoNewFields" name="test_update_equipamento_set_em_manutencao" time="1.654" /><testcase classname="backend.tests.test_equipamento_new_fields.TestEquipamentoNewFields" name="test_get_equipamento_detail_with_new_fields" time="1.917" /><testcase classname="backend.tests.test_equipamento_new_fields.TestEquipamentoNewFields" name="test_list_equipamentos_includes_new_fields" time="2.083" /><testcase classname="backend.tests.test_equipamento_new_fields.TestEquipamentoNewFields" name="test_create_equipamento_with_all_fields" time="1.373" /><testcase classname="backend.tests.test_equipamento_new_fields.TestEquipamentoSearch" name="test_search_by_codigo" time="1.850" /><testcase classname="backend.tests.test_equipamento_new_fields.TestEquipamentoSearch" name="test_search_by_numero_serie" time="1.901" /><testcase classname="backend.tests.test_equipamento_new_fields.TestEquipamentoSearch" name="test_search_by_categoria" time="2.386" /></testsuite></testsuites>