<?xml version="1.0" encoding="utf-8"?><testsuites name="pytest tests"><testsuite name="pytest" errors="0" failures="0" skipped="0" tests="12" time="11.389" timestamp="2026-02-06T19:20:15.443839+00:00" hostname="agent-env-3fbac087-31ec-4b14-88c7-59783d8d859e"><testcase classname="backend.tests.test_pdf_upload_manutencao.TestPdfUpload" name="test_upload_pdf_success" time="1.194" /><testcase classname="backend.tests.test_pdf_upload_manutencao.TestPdfUpload" name="test_upload_pdf_rejects_non_pdf" time="0.784" /><testcase classname="backend.tests.test_pdf_upload_manutencao.TestPdfUpload" name="test_upload_pdf_rejects_image" time="0.454" /><testcase classname="backend.tests.test_pdf_upload_manutencao.TestPdfUpload" name="test_upload_pdf_requires_auth" time="0.773" /><testcase classname="backend.tests.test_pdf_upload_manutencao.TestManutencaoEndpoint" name="test_marcar_em_manutencao" time="1.907" /><testcase classname="backend.tests.test_pdf_upload_manutencao.TestManutencaoEndpoint" name="test_marcar_disponivel" time="0.367" /><testcase classname="backend.tests.test_pdf_upload_manutencao.TestManutencaoEndpoint" name="test_manutencao_preserves_other_fields" time="1.121" /><testcase classname="backend.tests.test_pdf_upload_manutencao.TestManutencaoEndpoint" name="test_manutencao_not_found" time="0.770" /><testcase classname="backend.tests.test_pdf_upload_manutencao.TestManutencaoEndpoint" name="test_manutencao_requires_auth" time="0.347" /><testcase classname="backend.tests.test_pdf_upload_manutencao.TestEquipamentoStatusInList" name="test_list_includes_manutencao_status" time="1.041" /><testcase classname="backend.tests.test_pdf_upload_manutencao.TestEquipamentoStatusInList" name="test_detail_includes_manutencao_status" time="0.930" /><testcase classname="backend.tests.test_pdf_upload_manutencao.TestCleanup" name="test_cleanup_test_equipamento" time="1.632" /></testsuite></testsuites>